<?xml version="1.0" encoding="UTF-8"?>
<testsuite name="com.axelor.apps.tool.file.TestFileTool" tests="2" skipped="0" failures="0" errors="0" timestamp="2020-03-17T05:26:36" hostname="localhost.localdomain" time="0.048">
  <properties/>
  <testcase name="create" classname="com.axelor.apps.tool.file.TestFileTool" time="0.047"/>
  <testcase name="create2" classname="com.axelor.apps.tool.file.TestFileTool" time="0.0"/>
  <system-out><![CDATA[]]></system-out>
  <system-err><![CDATA[]]></system-err>
</testsuite>
