<?xml version="1.0" encoding="UTF-8"?>
<testsuite name="com.axelor.exception.db.TraceBackTest" tests="1" skipped="0" failures="0" errors="0" timestamp="2020-03-17T05:26:35" hostname="localhost.localdomain" time="0.001">
  <properties/>
  <testcase name="testPersist" classname="com.axelor.exception.db.TraceBackTest" time="0.001"/>
  <system-out><![CDATA[Test
3
test
test1
test2
]]></system-out>
  <system-err><![CDATA[]]></system-err>
</testsuite>
