<?xml version="1.0" encoding="UTF-8"?>
<testsuite name="com.axelor.apps.tool.templating.STTest" tests="3" skipped="0" failures="0" errors="0" timestamp="2020-03-17T05:26:38" hostname="localhost.localdomain" time="10.189">
  <properties/>
  <testcase name="test1" classname="com.axelor.apps.tool.templating.STTest" time="0.144"/>
  <testcase name="test2" classname="com.axelor.apps.tool.templating.STTest" time="1.752"/>
  <testcase name="test3" classname="com.axelor.apps.tool.templating.STTest" time="8.293"/>
  <system-out><![CDATA[]]></system-out>
  <system-err><![CDATA[]]></system-err>
</testsuite>
