<?xml version="1.0" encoding="UTF-8"?>
<testsuite name="com.axelor.apps.tool.crypto.AESTest" tests="1" skipped="0" failures="0" errors="0" timestamp="2020-03-17T05:26:36" hostname="localhost.localdomain" time="0.165">
  <properties/>
  <testcase name="test" classname="com.axelor.apps.tool.crypto.AESTest" time="0.165"/>
  <system-out><![CDATA[]]></system-out>
  <system-err><![CDATA[]]></system-err>
</testsuite>
