<?xml version="1.0" encoding="UTF-8"?>
<testsuite name="com.axelor.apps.tool.templating.STSampleTest" tests="1" skipped="0" failures="0" errors="0" timestamp="2020-03-17T05:26:48" hostname="localhost.localdomain" time="0.057">
  <properties/>
  <testcase name="test" classname="com.axelor.apps.tool.templating.STSampleTest" time="0.057"/>
  <system-out><![CDATA[]]></system-out>
  <system-err><![CDATA[]]></system-err>
</testsuite>
